[    0.000000] Linux version 4.15.0-143-generic (buildd@lcy01-amd64-001) (gcc version 7.5.0 (Ubuntu 7.5.0-3ubuntu1~18.04)) #147-Ubuntu SMP Wed Apr 14 16:10:11 UTC 2021 (Ubuntu 4.15.0-143.147-generic 4.15.18)
[    0.000000] Command line: BOOT_IMAGE=/boot/vmlinuz-4.15.0-143-generic root=LABEL=cloudimg-rootfs ro console=tty1 console=ttyS0
[    0.000000] KERNEL supported cpus:
[    0.000000]   Intel GenuineIntel
[    0.000000]   AMD AuthenticAMD
[    0.000000]   Centaur CentaurHauls
[    0.000000] x86/fpu: Supporting XSAVE feature 0x001: 'x87 floating point registers'
[    0.000000] x86/fpu: Supporting XSAVE feature 0x002: 'SSE registers'
[    0.000000] x86/fpu: Supporting XSAVE feature 0x004: 'AVX registers'
[    0.000000] x86/fpu: xstate_offset[2]:  576, xstate_sizes[2]:  256
[    0.000000] x86/fpu: Enabled xstate features 0x7, context size is 832 bytes, using 'standard' format.
[    0.000000] e820: BIOS-provided physical RAM map:
[    0.000000] BIOS-e820: [mem 0x0000000000000000-0x000000000009fbff] usable
[    0.000000] BIOS-e820: [mem 0x000000000009fc00-0x000000000009ffff] reserved
[    0.000000] BIOS-e820: [mem 0x00000000000f0000-0x00000000000fffff] reserved
[    0.000000] BIOS-e820: [mem 0x0000000000100000-0x000000001ffeffff] usable
[    0.000000] BIOS-e820: [mem 0x000000001fff0000-0x000000001fffffff] ACPI data
[    0.000000] BIOS-e820: [mem 0x00000000fec00000-0x00000000fec00fff] reserved
[    0.000000] BIOS-e820: [mem 0x00000000fee00000-0x00000000fee00fff] reserved
[    0.000000] BIOS-e820: [mem 0x00000000fffc0000-0x00000000ffffffff] reserved
[    0.000000] NX (Execute Disable) protection: active
[    0.000000] SMBIOS 2.5 present.
[    0.000000] DMI: innotek GmbH VirtualBox/VirtualBox, BIOS VirtualBox 12/01/2006
[    0.000000] Hypervisor detected: KVM
[    0.000000] e820: last_pfn = 0x1fff0 max_arch_pfn = 0x400000000
[    0.000000] MTRR: Disabled
[    0.000000] x86/PAT: MTRRs disabled, skipping PAT initialization too.
[    0.000000] CPU MTRRs all blank - virtualized system.
[    0.000000] x86/PAT: Configuration [0-7]: WB  WT  UC- UC  WB  WT  UC- UC  
[    0.000000] found SMP MP-table at [mem 0x0009fff0-0x0009ffff]
[    0.000000] Scanning 1 areas for low memory corruption
[    0.000000] RAMDISK: [mem 0x1daf9000-0x1ee06fff]
[    0.000000] ACPI: Early table checksum verification disabled
[    0.000000] ACPI: RSDP 0x00000000000E0000 000024 (v02 VBOX  )
[    0.000000] ACPI: XSDT 0x000000001FFF0030 00003C (v01 VBOX   VBOXXSDT 00000001 ASL  00000061)
[    0.000000] ACPI: FACP 0x000000001FFF00F0 0000F4 (v04 VBOX   VBOXFACP 00000001 ASL  00000061)
[    0.000000] ACPI: DSDT 0x000000001FFF0470 002325 (v02 VBOX   VBOXBIOS 00000002 INTL 20120111)
[    0.000000] ACPI: FACS 0x000000001FFF0200 000040
[    0.000000] ACPI: FACS 0x000000001FFF0200 000040
[    0.000000] ACPI: APIC 0x000000001FFF0240 000054 (v02 VBOX   VBOXAPIC 00000001 ASL  00000061)
[    0.000000] ACPI: SSDT 0x000000001FFF02A0 0001CC (v01 VBOX   VBOXCPUT 00000002 INTL 20120111)
[    0.000000] No NUMA configuration found
[    0.000000] Faking a node at [mem 0x0000000000000000-0x000000001ffeffff]
[    0.000000] NODE_DATA(0) allocated [mem 0x1ffc5000-0x1ffeffff]
[    0.000000] kvm-clock: cpu 0, msr 0:1ff44001, primary cpu clock
[    0.000000] kvm-clock: Using msrs 4b564d01 and 4b564d00
[    0.000000] kvm-clock: using sched offset of 3723648913 cycles
[    0.000000] clocksource: kvm-clock: mask: 0xffffffffffffffff max_cycles: 0x1cd42e4dffb, max_idle_ns: 881590591483 ns
[    0.000000] Zone ranges:
[    0.000000]   DMA      [mem 0x0000000000001000-0x0000000000ffffff]
[    0.000000]   DMA32    [mem 0x0000000001000000-0x000000001ffeffff]
[    0.000000]   Normal   empty
[    0.000000]   Device   empty
[    0.000000] Movable zone start for each node
[    0.000000] Early memory node ranges
[    0.000000]   node   0: [mem 0x0000000000001000-0x000000000009efff]
[    0.000000]   node   0: [mem 0x0000000000100000-0x000000001ffeffff]
[    0.000000] Reserved but unavailable: 98 pages
[    0.000000] Initmem setup node 0 [mem 0x0000000000001000-0x000000001ffeffff]
[    0.000000] ACPI: PM-Timer IO Port: 0x4008
[    0.000000] IOAPIC[0]: apic_id 1, version 32, address 0xfec00000, GSI 0-23
[    0.000000] ACPI: INT_SRC_OVR (bus 0 bus_irq 0 global_irq 2 dfl dfl)
[    0.000000] ACPI: INT_SRC_OVR (bus 0 bus_irq 9 global_irq 9 low level)
[    0.000000] Using ACPI (MADT) for SMP configuration information
[    0.000000] smpboot: Allowing 1 CPUs, 0 hotplug CPUs
[    0.000000] PM: Registered nosave memory: [mem 0x00000000-0x00000fff]
[    0.000000] PM: Registered nosave memory: [mem 0x0009f000-0x0009ffff]
[    0.000000] PM: Registered nosave memory: [mem 0x000a0000-0x000effff]
[    0.000000] PM: Registered nosave memory: [mem 0x000f0000-0x000fffff]
[    0.000000] e820: [mem 0x20000000-0xfebfffff] available for PCI devices
[    0.000000] Booting paravirtualized kernel on KVM
[    0.000000] clocksource: refined-jiffies: mask: 0xffffffff max_cycles: 0xffffffff, max_idle_ns: 7645519600211568 ns
[    0.000000] random: get_random_bytes called from start_kernel+0x99/0x500 with crng_init=0
[    0.000000] setup_percpu: NR_CPUS:8192 nr_cpumask_bits:1 nr_cpu_ids:1 nr_node_ids:1
[    0.000000] percpu: Embedded 45 pages/cpu s147456 r8192 d28672 u2097152
[    0.000000] PV qspinlock hash table entries: 256 (order: 0, 4096 bytes)
[    0.000000] Built 1 zonelists, mobility grouping on.  Total pages: 128889
[    0.000000] Policy zone: DMA32
[    0.000000] Kernel command line: BOOT_IMAGE=/boot/vmlinuz-4.15.0-143-generic root=LABEL=cloudimg-rootfs ro console=tty1 console=ttyS0
[    0.000000] Memory: 466812K/523832K available (12300K kernel code, 2483K rwdata, 4316K rodata, 2444K init, 2724K bss, 57020K reserved, 0K cma-reserved)
[    0.000000] SLUB: HWalign=64, Order=0-3, MinObjects=0, CPUs=1, Nodes=1
[    0.000000] Kernel/User page tables isolation: enabled
[    0.000000] ftrace: allocating 39437 entries in 155 pages
[    0.004000] Hierarchical RCU implementation.
[    0.004000] 	RCU restricting CPUs from NR_CPUS=8192 to nr_cpu_ids=1.
[    0.004000] 	Tasks RCU enabled.
[    0.004000] RCU: Adjusting geometry for rcu_fanout_leaf=16, nr_cpu_ids=1
[    0.004000] NR_IRQS: 524544, nr_irqs: 256, preallocated irqs: 16
[    0.004000] Console: colour VGA+ 80x25
[    0.004000] console [tty1] enabled
[    0.004000] console [ttyS0] enabled
[    0.004000] ACPI: Core revision 20170831
[    0.004000] ACPI: 2 ACPI AML tables successfully acquired and loaded
[    0.004000] APIC: Switch to symmetric I/O mode setup
[    0.004000] x2apic enabled
[    0.004000] Switched APIC routing to physical x2apic.
[    0.004000] ..TIMER: vector=0x30 apic1=0 pin1=2 apic2=-1 pin2=-1
[    0.004003] tsc: Detected 2303.998 MHz processor
[    0.004803] Calibrating delay loop (skipped) preset value.. 4607.99 BogoMIPS (lpj=9215992)
[    0.005416] pid_max: default: 32768 minimum: 301
[    0.006253] Security Framework initialized
[    0.008002] Yama: becoming mindful.
[    0.008686] AppArmor: AppArmor initialized
[    0.009720] Dentry cache hash table entries: 65536 (order: 7, 524288 bytes)
[    0.010938] Inode-cache hash table entries: 32768 (order: 6, 262144 bytes)
[    0.012009] Mount-cache hash table entries: 1024 (order: 1, 8192 bytes)
[    0.013312] Mountpoint-cache hash table entries: 1024 (order: 1, 8192 bytes)
[    0.015254] process: using mwait in idle threads
[    0.016011] Last level iTLB entries: 4KB 0, 2MB 0, 4MB 0
[    0.017168] Last level dTLB entries: 4KB 0, 2MB 0, 4MB 0, 1GB 0
[    0.018434] Spectre V1 : Mitigation: usercopy/swapgs barriers and __user pointer sanitization
[    0.020004] Spectre V2 : Mitigation: Full generic retpoline
[    0.021048] Spectre V2 : Spectre v2 / SpectreRSB mitigation: Filling RSB on context switch
[    0.022494] Speculative Store Bypass: Vulnerable
[    0.023347] MDS: Mitigation: Clear CPU buffers
[    0.037743] Freeing SMP alternatives memory: 36K
[    0.148193] smpboot: CPU0: Intel(R) Core(TM) i7-1068NG7 CPU @ 2.30GHz (family: 0x6, model: 0x7e, stepping: 0x5)
[    0.151117] Performance Events: unsupported p6 CPU model 126 no PMU driver, software events only.
[    0.152028] Hierarchical SRCU implementation.
[    0.153915] NMI watchdog: Perf event create on CPU 0 failed with -2
[    0.154918] NMI watchdog: Perf NMI watchdog permanently disabled
[    0.156027] smp: Bringing up secondary CPUs ...
[    0.156778] smp: Brought up 1 node, 1 CPU
[    0.157431] smpboot: Max logical packages: 1
[    0.158137] smpboot: Total of 1 processors activated (4607.99 BogoMIPS)
[    0.160091] devtmpfs: initialized
[    0.160762] x86/mm: Memory block size: 128MB
[    0.161628] evm: security.selinux
[    0.162252] evm: security.SMACK64
[    0.162851] evm: security.SMACK64EXEC
[    0.164003] evm: security.SMACK64TRANSMUTE
[    0.164729] evm: security.SMACK64MMAP
[    0.165385] evm: security.apparmor
[    0.166078] evm: security.ima
[    0.166695] evm: security.capability
[    0.167411] clocksource: jiffies: mask: 0xffffffff max_cycles: 0xffffffff, max_idle_ns: 7645041785100000 ns
[    0.168008] futex hash table entries: 256 (order: 2, 16384 bytes)
[    0.170325] pinctrl core: initialized pinctrl subsystem
[    0.172090] RTC time:  5:46:54, date: 07/16/21
[    0.172971] NET: Registered protocol family 16
[    0.173821] audit: initializing netlink subsys (disabled)
[    0.176046] cpuidle: using governor ladder
[    0.176811] cpuidle: using governor menu
[    0.177529] ACPI: bus type PCI registered
[    0.178238] acpiphp: ACPI Hot Plug PCI Controller Driver version: 0.5
[    0.179412] PCI: Using configuration type 1 for base access
[    0.180020] audit: type=2000 audit(1626414419.553:1): state=initialized audit_enabled=0 res=1
[    0.182368] HugeTLB registered 2.00 MiB page size, pre-allocated 0 pages
[    0.184119] ACPI: Added _OSI(Module Device)
[    0.184818] ACPI: Added _OSI(Processor Device)
[    0.185529] ACPI: Added _OSI(3.0 _SCP Extensions)
[    0.186703] ACPI: Added _OSI(Processor Aggregator Device)
[    0.187644] ACPI: Added _OSI(Linux-Dell-Video)
[    0.188007] ACPI: Added _OSI(Linux-Lenovo-NV-HDMI-Audio)
[    0.189160] ACPI: Added _OSI(Linux-HPI-Hybrid-Graphics)
[    0.190284] ACPI: Executed 1 blocks of module-level executable AML code
[    0.194460] ACPI: Interpreter enabled
[    0.195153] ACPI: (supports S0 S5)
[    0.196002] ACPI: Using IOAPIC for interrupt routing
[    0.197028] PCI: Using host bridge windows from ACPI; if necessary, use "pci=nocrs" and report a bug
[    0.198759] ACPI: Enabled 2 GPEs in block 00 to 07
[    0.205235] ACPI: PCI Root Bridge [PCI0] (domain 0000 [bus 00-ff])
[    0.206295] acpi PNP0A03:00: _OSC: OS supports [ASPM ClockPM Segments MSI]
[    0.207914] acpi PNP0A03:00: _OSC: not requesting OS control; OS requires [ExtendedConfig ASPM ClockPM MSI]
[    0.208010] acpi PNP0A03:00: fail to add MMCONFIG information, can't access extended PCI configuration space under this bridge.
[    0.212140] PCI host bridge to bus 0000:00
[    0.213229] pci_bus 0000:00: root bus resource [io  0x0000-0x0cf7 window]
[    0.214391] pci_bus 0000:00: root bus resource [io  0x0d00-0xffff window]
[    0.215563] pci_bus 0000:00: root bus resource [mem 0x000a0000-0x000bffff window]
[    0.216002] pci_bus 0000:00: root bus resource [mem 0x20000000-0xfdffffff window]
[    0.217313] pci_bus 0000:00: root bus resource [bus 00-ff]
[    0.221451] pci 0000:00:01.1: legacy IDE quirk: reg 0x10: [io  0x01f0-0x01f7]
[    0.222696] pci 0000:00:01.1: legacy IDE quirk: reg 0x14: [io  0x03f6]
[    0.224003] pci 0000:00:01.1: legacy IDE quirk: reg 0x18: [io  0x0170-0x0177]
[    0.225919] pci 0000:00:01.1: legacy IDE quirk: reg 0x1c: [io  0x0376]
[    0.236128] pci 0000:00:07.0: quirk: [io  0x4000-0x403f] claimed by PIIX4 ACPI
[    0.237427] pci 0000:00:07.0: quirk: [io  0x4100-0x410f] claimed by PIIX4 SMB
[    0.244026] ACPI: PCI Interrupt Link [LNKA] (IRQs 5 9 10 *11)
[    0.245289] ACPI: PCI Interrupt Link [LNKB] (IRQs 5 9 *10 11)
[    0.246426] ACPI: PCI Interrupt Link [LNKC] (IRQs 5 *9 10 11)
[    0.247512] ACPI: PCI Interrupt Link [LNKD] (IRQs 5 9 10 *11)
[    0.248292] SCSI subsystem initialized
[    0.249074] pci 0000:00:02.0: vgaarb: setting as boot VGA device
[    0.250121] pci 0000:00:02.0: vgaarb: VGA device added: decodes=io+mem,owns=io+mem,locks=none
[    0.252003] pci 0000:00:02.0: vgaarb: bridge control possible
[    0.252982] vgaarb: loaded
[    0.253498] ACPI: bus type USB registered
[    0.254297] usbcore: registered new interface driver usbfs
[    0.256020] usbcore: registered new interface driver hub
[    0.256985] usbcore: registered new device driver usb
[    0.257929] EDAC MC: Ver: 3.0.0
[    0.259328] PCI: Using ACPI for IRQ routing
[    0.260331] NetLabel: Initializing
[    0.261244] NetLabel:  domain hash size = 128
[    0.262261] NetLabel:  protocols = UNLABELED CIPSOv4 CALIPSO
[    0.264036] NetLabel:  unlabeled traffic allowed by default
[    0.265119] clocksource: Switched to clocksource kvm-clock
[    0.276610] VFS: Disk quotas dquot_6.6.0
[    0.277700] VFS: Dquot-cache hash table entries: 512 (order 0, 4096 bytes)
[    0.279053] AppArmor: AppArmor Filesystem Enabled
[    0.280511] pnp: PnP ACPI init
[    0.282412] pnp: PnP ACPI: found 3 devices
[    0.288364] clocksource: acpi_pm: mask: 0xffffff max_cycles: 0xffffff, max_idle_ns: 2085701024 ns
[    0.290194] NET: Registered protocol family 2
[    0.291104] TCP established hash table entries: 4096 (order: 3, 32768 bytes)
[    0.292443] TCP bind hash table entries: 4096 (order: 4, 65536 bytes)
[    0.293673] TCP: Hash tables configured (established 4096 bind 4096)
[    0.295201] UDP hash table entries: 256 (order: 1, 8192 bytes)
[    0.296548] UDP-Lite hash table entries: 256 (order: 1, 8192 bytes)
[    0.297671] NET: Registered protocol family 1
[    0.298512] pci 0000:00:00.0: Limiting direct PCI/PCI transfers
[    0.299553] pci 0000:00:01.0: Activating ISA DMA hang workarounds
[    0.300669] pci 0000:00:02.0: Video device with shadowed ROM at [mem 0x000c0000-0x000dffff]
[    0.302237] Unpacking initramfs...
[    0.543342] Freeing initrd memory: 19512K
[    0.544832] clocksource: tsc: mask: 0xffffffffffffffff max_cycles: 0x2135f5e6f15, max_idle_ns: 440795231538 ns
[    0.547799] platform rtc_cmos: registered platform RTC device (no PNP device found)
[    0.549192] Scanning for low memory corruption every 60 seconds
[    0.551102] Initialise system trusted keyrings
[    0.552474] Key type blacklist registered
[    0.553225] workingset: timestamp_bits=36 max_order=17 bucket_order=0
[    0.555360] zbud: loaded
[    0.556536] squashfs: version 4.0 (2009/01/31) Phillip Lougher
[    0.557714] fuse init (API version 7.26)
[    0.558990] Key type asymmetric registered
[    0.559741] Asymmetric key parser 'x509' registered
[    0.560752] Block layer SCSI generic (bsg) driver version 0.4 loaded (major 246)
[    0.562418] io scheduler noop registered
[    0.563284] io scheduler deadline registered
[    0.564216] io scheduler cfq registered (default)
[    0.565587] ACPI: AC Adapter [AC] (on-line)
[    0.566539] input: Power Button as /devices/LNXSYSTM:00/LNXPWRBN:00/input/input0
[    0.567979] ACPI: Power Button [PWRF]
[    0.568825] input: Sleep Button as /devices/LNXSYSTM:00/LNXSLPBN:00/input/input1
[    0.570171] ACPI: Sleep Button [SLPF]
[    0.572343] ACPI: Battery Slot [BAT0] (battery present)
[    0.573319] Serial: 8250/16550 driver, 32 ports, IRQ sharing enabled
[    0.595990] 00:02: ttyS0 at I/O 0x3f8 (irq = 4, base_baud = 115200) is a 16550A
[    0.598511] Linux agpgart interface v0.103
[    0.600211] loop: module loaded
[    0.601426] scsi host0: ata_piix
[    0.602200] scsi host1: ata_piix
[    0.602966] ata1: PATA max UDMA/33 cmd 0x1f0 ctl 0x3f6 bmdma 0xd000 irq 14
[    0.604381] ata2: PATA max UDMA/33 cmd 0x170 ctl 0x376 bmdma 0xd008 irq 15
[    0.606176] libphy: Fixed MDIO Bus: probed
[    0.606937] tun: Universal TUN/TAP device driver, 1.6
[    0.607869] PPP generic driver version 2.4.2
[    0.608718] ehci_hcd: USB 2.0 'Enhanced' Host Controller (EHCI) Driver
[    0.609844] ehci-pci: EHCI PCI platform driver
[    0.610640] ehci-platform: EHCI generic platform driver
[    0.611642] ohci_hcd: USB 1.1 'Open' Host Controller (OHCI) Driver
[    0.612724] ohci-pci: OHCI PCI platform driver
[    0.613508] ohci-platform: OHCI generic platform driver
[    0.614412] uhci_hcd: USB Universal Host Controller Interface driver
[    0.615535] i8042: PNP: PS/2 Controller [PNP0303:PS2K,PNP0f03:PS2M] at 0x60,0x64 irq 1,12
[    0.617399] serio: i8042 KBD port at 0x60,0x64 irq 1
[    0.618371] serio: i8042 AUX port at 0x60,0x64 irq 12
[    0.619325] mousedev: PS/2 mouse device common for all mice
[    0.620520] input: AT Translated Set 2 keyboard as /devices/platform/i8042/serio0/input/input2
[    0.622574] rtc_cmos rtc_cmos: rtc core: registered rtc_cmos as rtc0
[    0.623717] rtc_cmos rtc_cmos: alarms up to one day, 114 bytes nvram
[    0.624833] i2c /dev entries driver
[    0.625516] device-mapper: uevent: version 1.0.3
[    0.626361] device-mapper: ioctl: 4.37.0-ioctl (2017-09-20) initialised: dm-devel@redhat.com
[    0.627825] ledtrig-cpu: registered to indicate activity on CPUs
[    0.629053] NET: Registered protocol family 10
[    0.631982] Segment Routing with IPv6
[    0.632861] NET: Registered protocol family 17
[    0.633760] Key type dns_resolver registered
[    0.634613] mce: Using 0 MCE banks
[    0.635294] RAS: Correctable Errors collector initialized.
[    0.636297] sched_clock: Marking stable (636277557, 0)->(765946894, -129669337)
[    0.637668] registered taskstats version 1
[    0.638442] Loading compiled-in X.509 certificates
[    0.640784] Loaded X.509 cert 'Build time autogenerated kernel key: de118354fe72448b469776565e76ac30c08e8db2'
[    0.642938] Loaded X.509 cert 'Canonical Ltd. Live Patch Signing: 14df34d1a87cf37625abec039ef2bf521249b969'
[    0.645089] Loaded X.509 cert 'Canonical Ltd. Kernel Module Signing: 88f752e560a1e0737e31163a466ad7b70a850c19'
[    0.646812] zswap: loaded using pool lzo/zbud
[    0.649434] Key type big_key registered
[    0.650156] Key type trusted registered
[    0.651708] Key type encrypted registered
[    0.652471] AppArmor: AppArmor sha1 policy hashing enabled
[    0.653420] ima: No TPM chip found, activating TPM-bypass! (rc=-19)
[    0.654494] ima: Allocated hash algorithm: sha1
[    0.655295] evm: HMAC attrs: 0x1
[    0.656198]   Magic number: 13:970:769
[    0.656902] mem kmsg: hash matches
[    0.657519] pci 0000:00:05.0: hash matches
[    0.658275] rtc_cmos rtc_cmos: setting system clock to 2021-07-16 05:46:54 UTC (1626414414)
[    0.659754] BIOS EDD facility v0.16 2004-Jun-25, 0 devices found
[    0.660828] EDD information not available.
[    0.790535] Freeing unused kernel image memory: 2444K
[    0.800829] Write protecting the kernel read-only data: 20480k
[    0.803548] Freeing unused kernel image memory: 2008K
[    0.804929] Freeing unused kernel image memory: 1828K
[    0.810059] x86/mm: Checked W+X mappings: passed, no W+X pages found.
[    0.811232] x86/mm: Checking user space page tables
[    0.815839] x86/mm: Checked W+X mappings: passed, no W+X pages found.
Loading, please wait...
starting version 237
[    0.883414] e1000: Intel(R) PRO/1000 Network Driver - version 7.3.21-k8-NAPI
[    0.885241] e1000: Copyright (c) 1999-2006 Intel Corporation.
[    0.892174] Fusion MPT base driver 3.04.20
[    0.894128] Copyright (c) 1999-2008 LSI Corporation
[    0.915236] AVX2 version of gcm_enc/dec engaged.
[    0.917204] AES CTR mode by8 optimization enabled
[    0.927225] Fusion MPT SPI Host driver 3.04.20
[    1.103132] input: ImExPS/2 Generic Explorer Mouse as /devices/platform/i8042/serio1/input/input4
[    1.311547] e1000 0000:00:03.0 eth0: (PCI:33MHz:32-bit) 02:c3:ac:bf:e0:17
[    1.313337] e1000 0000:00:03.0 eth0: Intel(R) PRO/1000 Network Connection
[    1.315793] mptbase: ioc0: Initiating bringup
[    1.412521] ioc0: LSI53C1030 A0: Capabilities={Initiator}
[    1.654045] scsi host2: ioc0: LSI53C1030 A0, FwRev=00000000h, Ports=1, MaxQ=256, IRQ=20
[    1.826383] scsi 2:0:0:0: Direct-Access     VBOX     HARDDISK         1.0  PQ: 0 ANSI: 5
[    1.833681] scsi target2:0:0: Beginning Domain Validation
[    1.836665] scsi target2:0:0: Domain Validation skipping write tests
[    1.838027] scsi target2:0:0: Ending Domain Validation
[    1.839188] scsi target2:0:0: asynchronous
[    1.840306] random: fast init done
[    1.841087] scsi 2:0:1:0: Direct-Access     VBOX     HARDDISK         1.0  PQ: 0 ANSI: 5
[    1.842856] scsi target2:0:1: Beginning Domain Validation
[    1.844447] scsi target2:0:1: Domain Validation skipping write tests
[    1.845534] scsi target2:0:1: Ending Domain Validation
[    1.846450] scsi target2:0:1: asynchronous
[    1.850197] random: systemd-udevd: uninitialized urandom read (16 bytes read)
[    1.851363] random: systemd-udevd: uninitialized urandom read (16 bytes read)
[    1.852619] random: systemd-udevd: uninitialized urandom read (16 bytes read)
[    1.853922] sd 2:0:0:0: Attached scsi generic sg0 type 0
[    1.854904] sd 2:0:0:0: [sda] 83886080 512-byte logical blocks: (42.9 GB/40.0 GiB)
[    1.856283] sd 2:0:0:0: [sda] Write Protect is off
[    1.857144] sd 2:0:0:0: [sda] Incomplete mode parameter data
[    1.858061] sd 2:0:0:0: [sda] Assuming drive cache: write through
[    1.859377] sd 2:0:1:0: [sdb] 20480 512-byte logical blocks: (10.5 MB/10.0 MiB)
[    1.861118] sd 2:0:1:0: [sdb] Write Protect is off
[    1.862082] sd 2:0:1:0: Attached scsi generic sg1 type 0
[    1.863025] sd 2:0:1:0: [sdb] Incomplete mode parameter data
[    1.863918] sd 2:0:1:0: [sdb] Assuming drive cache: write through
[    1.866831]  sda: sda1
[    1.872587] sd 2:0:0:0: [sda] Attached SCSI disk
[    1.874520] sd 2:0:1:0: [sdb] Attached SCSI disk
[    2.236892] e1000 0000:00:08.0 eth1: (PCI:33MHz:32-bit) 08:00:27:35:4b:6d
[    2.238671] e1000 0000:00:08.0 eth1: Intel(R) PRO/1000 Network Connection
[    2.241525] e1000 0000:00:08.0 enp0s8: renamed from eth1
[    2.243808] e1000 0000:00:03.0 enp0s3: renamed from eth0
Begin: Loading essential drivers ... [    3.580111] raid6: sse2x1   gen() 16099 MB/s
[    3.630862] raid6: sse2x1   xor() 10215 MB/s
[    3.689830] raid6: sse2x2   gen() 17779 MB/s
[    3.736055] raid6: sse2x2   xor() 11524 MB/s
[    3.791670] raid6: sse2x4   gen() 22077 MB/s
[    3.844029] raid6: sse2x4   xor() 10391 MB/s
[    3.897629] raid6: avx2x1   gen() 32377 MB/s
[    3.949270] raid6: avx2x1   xor() 19740 MB/s
[    3.999326] raid6: avx2x2   gen() 39064 MB/s
[    4.049332] raid6: avx2x2   xor() 23194 MB/s
[    4.096707] raid6: avx2x4   gen() 36833 MB/s
[    4.151657] raid6: avx2x4   xor() 26056 MB/s
[    4.153570] raid6: using algorithm avx2x2 gen() 39064 MB/s
[    4.155202] raid6: .... xor() 23194 MB/s, rmw enabled
[    4.156278] raid6: using avx2x2 recovery algorithm
[    4.158414] xor: automatically using best checksumming function   avx       
[    4.160762] async_tx: api initialized (async)
done.
Begin: Running /scripts/init-premount ... done.
Begin: Mounting root file system ... Begin: Running /scripts/local-top ... done.
Begin: Running /scripts/local-premount ... [    4.201892] Btrfs loaded, crc32c=crc32c-intel
Scanning for Btrfs filesystems
done.
Warning: fsck not present, so skipping root file system
[    4.232662] EXT4-fs (sda1): mounted filesystem with ordered data mode. Opts: (null)
done.
Begin: Running /scripts/local-bottom ... done.
Begin: Running /scripts/init-bottom ... done.
[    4.361567] ip_tables: (C) 2000-2006 Netfilter Core Team
[    4.368256] systemd[1]: systemd 237 running in system mode. (+PAM +AUDIT +SELINUX +IMA +APPARMOR +SMACK +SYSVINIT +UTMP +LIBCRYPTSETUP +GCRYPT +GNUTLS +ACL +XZ +LZ4 +SECCOMP +BLKID +ELFUTILS +KMOD -IDN2 +IDN -PCRE2 default-hierarchy=hybrid)
[    4.371941] systemd[1]: Detected virtualization oracle.
[    4.372943] systemd[1]: Detected architecture x86-64.

Welcome to [1mUbuntu 18.04.5 LTS[0m!

[    4.375986] systemd[1]: Set hostname to <ubuntu>.
[    4.378334] systemd[1]: Initializing machine ID from random generator.
[    4.379497] systemd[1]: Installed transient /etc/machine-id file.
[    4.550648] systemd[1]: Created slice System Slice.
[[0;32m  OK  [0m] Created slice System Slice.
[    4.552464] systemd[1]: Set up automount Arbitrary Executable File Formats File System Automount Point.
[[0;32m  OK  [0m] Set up automount Arbitrary Executab…rmats File System Automount Point.
[    4.555390] systemd[1]: Listening on Journal Socket (/dev/log).
[[0;32m  OK  [0m] Listening on Journal Socket (/dev/log).
[    4.557494] systemd[1]: Created slice system-serial\x2dgetty.slice.
[[0;32m  OK  [0m] Created slice system-serial\x2dgetty.slice.
[[0;32m  OK  [0m] Listening on Journal Audit Socket.
[[0;32m  OK  [0m] Listening on fsck to fsckd communication Socket.
[[0;32m  OK  [0m] Listening on /dev/initctl Compatibility Named Pipe.
[[0;32m  OK  [0m] Started Forward Password Requests to Wall Directory Watch.
[[0;32m  OK  [0m] Listening on Syslog Socket.
[[0;32m  OK  [0m] Reached target Swap.
[[0;32m  OK  [0m] Created slice User and Session Slice.
[[0;32m  OK  [0m] Reached target Slices.
[[0;32m  OK  [0m] Listening on LVM2 metadata daemon socket.
[[0;32m  OK  [0m] Listening on udev Control Socket.
[[0;32m  OK  [0m] Listening on Device-mapper event daemon FIFOs.
[[0;32m  OK  [0m] Reached target System Time Synchronized.
[[0;32m  OK  [0m] Listening on LVM2 poll daemon socket.
[[0;32m  OK  [0m] Listening on Network Service Netlink Socket.
[[0;32m  OK  [0m] Listening on Journal Socket.
         Mounting Kernel Debug File System...
         Mounting POSIX Message Queue File System...
         Starting Set the console keyboard layout...
         Starting Load Kernel Modules...
         Starting File System Check on Root Device...
         Starting Uncomplicated firewall...
         Starting Journal Service...
         Starting Create list of required st…ce nodes for the current kernel...
         Starting Monitoring of LVM2 mirrors…ng dmeventd or progress polling...
         Mounting Huge Pages File System...
[[0;32m  OK  [0m] Listening on udev Kernel Socket.
         Starting udev Coldplug all Devices...
[[0;32m  OK  [0m] Reached target User and Group Name Lookups.
[    4.606797] Loading iSCSI transport class v2.0-870.
[[0;32m  OK  [0m] Mounted Kernel Debug File System.
[[0;32m  OK  [0m] Mounted POSIX Message Queue File System.
[[0;32m  OK  [0m] Mounted Huge Pages File System.
[    4.614292] iscsi: registered transport (tcp)
[    4.626406] iscsi: registered transport (iser)
[[0;32m  OK  [0m] Started Load Kernel Modules.
         Mounting Kernel Configuration File System...
         Mounting FUSE Control File System...
         Starting Apply Kernel Variables...
[[0;32m  OK  [0m] Started Uncomplicated firewall.
[[0;32m  OK  [0m] Mounted Kernel Configuration File System.
[[0;32m  OK  [0m] Mounted FUSE Control File System.
[[0;32m  OK  [0m] Started File System Check Daemon to report status.
[[0;32m  OK  [0m] Started Create list of required sta…vice nodes for the current kernel.
         Starting Create Static Device Nodes in /dev...
[[0;32m  OK  [0m] Started LVM2 metadata daemon.
[[0;32m  OK  [0m] Started Journal Service.
[[0;32m  OK  [0m] Started udev Coldplug all Devices.
[[0;32m  OK  [0m] Started Create Static Device Nodes in /dev.
[[0;32m  OK  [0m] Started Apply Kernel Variables.
[[0;32m  OK  [0m] Started File System Check on Root Device.
[[0;32m  OK  [0m] Started Monitoring of LVM2 mirrors,…sing dmeventd or progress polling.
         Starting Remount Root and Kernel File Systems...
[[0;32m  OK  [0m] Started Remount Root and Kernel File Systems.
[[0;32m  OK  [0m] Started Set the console keyboard layout.
         Starting Load/Save Random Seed...
[[0;32m  OK  [0m] Reached target Local File Systems (Pre).
[[0;32m  OK  [0m] Reached target Local File Systems.
         Starting AppArmor initialization...
         Starting Set console font and keymap...
         Starting Tell Plymouth To Write Out Runtime Data...
         Starting ebtables ruleset management...
         Starting Commit a transient machine-id on disk...
         Starting Flush Journal to Persistent Storage...
         Starting udev Kernel Device Manager...
[[0;32m  OK  [0m] Started Load/Save Random Seed.
[[0;32m  OK  [0m] Started Set console font and keymap.
[[0;32m  OK  [0m] Started Tell Plymouth To Write Out Runtime Data.
[[0;32m  OK  [0m] Started udev Kernel Device Manager.
[[0;32m  OK  [0m] Started Dispatch Password Requests to Console Directory Watch.
[[0;32m  OK  [0m] Reached target Local Encrypted Volumes.
[[0;32m  OK  [0m] Started ebtables ruleset management.
[[0;32m  OK  [0m] Started Commit a transient machine-id on disk.
[[0;32m  OK  [0m] Started Flush Journal to Persistent Storage.
         Starting Create Volatile Files and Directories...
[[0;32m  OK  [0m] Started Create Volatile Files and Directories.
         Starting Update UTMP about System Boot/Shutdown...
[[0;32m  OK  [0m] Started Update UTMP about System Boot/Shutdown.
[[0;32m  OK  [0m] Found device /dev/ttyS0.
[[0;32m  OK  [0m] Listening on Load/Save RF Kill Switch Status /dev/rfkill Watch.
[[0;32m  OK  [0m] Started AppArmor initialization.
         Starting Load AppArmor profiles managed internally by snapd...
         Starting Initial cloud-init job (pre-networking)...
[[0;32m  OK  [0m] Started Load AppArmor profiles managed internally by snapd.
[    6.827092] cloud-init[571]: Cloud-init v. 21.1-19-gbad84ad4-0ubuntu1~18.04.2 running 'init-local' at Fri, 16 Jul 2021 05:47:00 +0000. Up 6.58 seconds.
[[0;32m  OK  [0m] Started Initial cloud-init job (pre-networking).
[[0;32m  OK  [0m] Reached target Network (Pre).
         Starting Network Service...
[[0;32m  OK  [0m] Started Network Service.
         Starting Network Name Resolution...
         Starting Wait for Network to be Configured...
[[0;32m  OK  [0m] Started Network Name Resolution.
[[0;32m  OK  [0m] Reached target Host and Network Name Lookups.
[[0;32m  OK  [0m] Reached target Network.
[[0;32m  OK  [0m] Started Wait for Network to be Configured.
         Starting Initial cloud-init job (metadata service crawler)...
[    9.012162] cloud-init[657]: Cloud-init v. 21.1-19-gbad84ad4-0ubuntu1~18.04.2 running 'init' at Fri, 16 Jul 2021 05:47:02 +0000. Up 8.92 seconds.
[    9.024223] cloud-init[657]: ci-info: ++++++++++++++++++++++++++++++++++++++Net device info+++++++++++++++++++++++++++++++++++++++
[    9.025550] cloud-init[657]: ci-info: +--------+-------+----------------------------+---------------+--------+-------------------+
[    9.027058] cloud-init[657]: ci-info: | Device |   Up  |          Address           |      Mask     | Scope  |     Hw-Address    |
[    9.040181] cloud-init[657]: ci-info: +--------+-------+----------------------------+---------------+--------+-------------------+
[    9.052190] cloud-init[657]: ci-info: | enp0s3 |  True |         10.0.2.15          | 255.255.255.0 | global | 02:c3:ac:bf:e0:17 |
[    9.053882] cloud-init[657]: ci-info: | enp0s3 |  True | fe80::c3:acff:febf:e017/64 |       .       |  link  | 02:c3:ac:bf:e0:17 |
[    9.055670] cloud-init[657]: ci-info: | enp0s8 | False |             .              |       .       |   .    | 08:00:27:35:4b:6d |
[    9.068257] cloud-init[657]: ci-info: |   lo   |  True |         127.0.0.1          |   255.0.0.0   |  host  |         .         |
[    9.070029] cloud-init[657]: ci-info: |   lo   |  True |          ::1/128           |       .       |  host  |         .         |
[    9.080277] cloud-init[657]: ci-info: +--------+-------+----------------------------+---------------+--------+-------------------+
[    9.092179] cloud-init[657]: ci-info: ++++++++++++++++++++++++++++Route IPv4 info+++++++++++++++++++++++++++++
[    9.093571] cloud-init[657]: ci-info: +-------+-------------+----------+-----------------+-----------+-------+
[    9.094907] cloud-init[657]: ci-info: | Route | Destination | Gateway  |     Genmask     | Interface | Flags |
[    9.096502] cloud-init[657]: ci-info: +-------+-------------+----------+-----------------+-----------+-------+
[    9.099910] cloud-init[657]: ci-info: |   0   |   0.0.0.0   | 10.0.2.2 |     0.0.0.0     |   enp0s3  |   UG  |
[    9.101804] cloud-init[657]: ci-info: |   1   |   10.0.2.0  | 0.0.0.0  |  255.255.255.0  |   enp0s3  |   U   |
[    9.103060] cloud-init[657]: ci-info: |   2   |   10.0.2.2  | 0.0.0.0  | 255.255.255.255 |   enp0s3  |   UH  |
[    9.104415] cloud-init[657]: ci-info: +-------+-------------+----------+-----------------+-----------+-------+
[    9.108517] cloud-init[657]: ci-info: +++++++++++++++++++Route IPv6 info+++++++++++++++++++
[    9.117504] cloud-init[657]: ci-info: +-------+-------------+---------+-----------+-------+
[    9.125941] cloud-init[657]: ci-info: | Route | Destination | Gateway | Interface | Flags |
[    9.130675] cloud-init[657]: ci-info: +-------+-------------+---------+-----------+-------+
[    9.134173] cloud-init[657]: ci-info: |   1   |  fe80::/64  |    ::   |   enp0s3  |   U   |
[    9.138250] cloud-init[657]: ci-info: |   3   |    local    |    ::   |   enp0s3  |   U   |
[    9.139558] cloud-init[657]: ci-info: |   4   |   ff00::/8  |    ::   |   enp0s3  |   U   |
[    9.140841] cloud-init[657]: ci-info: +-------+-------------+---------+-----------+-------+
[    9.531358] cloud-init[657]: Generating public/private rsa key pair.
[    9.532308] cloud-init[657]: Your identification has been saved in /etc/ssh/ssh_host_rsa_key.
[    9.548767] cloud-init[657]: Your public key has been saved in /etc/ssh/ssh_host_rsa_key.pub.
[    9.561390] cloud-init[657]: The key fingerprint is:
[    9.562100] cloud-init[657]: SHA256:T7lbo44VnQOBoWd9RMoBWSSUvRaOodh5W51WXIkwz38 root@ubuntu-bionic
[[0;32m  OK  [0m] Started Initial cloud-init job (metadata service crawler).
[[0;32m  OK  [0m] Reached target Network is Online.
[    9.575551] cloud-init[657]: The key's randomart image is:
         Starting Availability of block devices...
[[0;32m  OK  [0m] Reached target Remote File Systems (Pre).
[[0;32m  OK  [0m] Reached target Remote File Systems.
[[0;32m  OK  [0m] Reached target Cloud-config availability.
[[0;32m  OK  [0m] Reached target System Initialization.
         [    9.601245] cloud-init[657]: +---[RSA 2048]----+
[    9.642768] cloud-init[657]: |       .=X=++...o|
[    9.643595] cloud-init[657]: Starting Socket activation for snappy daemon.
[[0;32m  OK  [0m] Started Daily apt download activities.
|       .=+o=+.o. |
[    9.647413] cloud-init[657]: |     o.oo+=+.=   |
[    9.648524] cloud-init[657]: |    . +oo ==+..  |
[[0;32m  OK  [0m] Started ACPI Events Check.
[[0;32m  OK  [0m] Reached target Paths.
[    9.654282] cloud-init         Starting LXD - unix socket.
[[0;32m  OK  [0m] Listening on Open-iSCSI iscsid Socket.
[[0;32m  OK  [0m] Started Ubuntu Advantage update messaging.
[[0;32m  OK  [0m] Started Discard unused blocks once a week.
[657]: |       .S++.+  .E|
[[0;32m  OK  [0m] Listening on D-Bus System Message Bus Socket.
[[0;32m  OK  [0m] Started Daily Cleanup of Temporary Directories.
[[0;32m  OK  [0m] Listening on ACPID Listen Socket.
[[0;32m  OK  [0m] Started Daily apt upgrade and clean activities.
[    9.692442] [[0;32m  OK  [0m] Started Message of the Day.
[[0;32m  OK  [0m] Reached target Timers.
[[0;32m  OK  [0m] Listening on UUID daemon activation socket.
cloud-init[657]: |        .o o .  .|
[    9.733251] cloud-init[657]: |          + o    |
[[0;32m  OK  [0m] Started Availability of block devices.
[[0;32m  OK  [0m] Listening on Socket activation for snappy daemon.
[[0;32m  OK  [0m] Listening on LXD - unix socket.
[[0;32m  OK  [0m] Reached target Sockets.
[[0;32m  OK  [0m] Reached target Basic System.
[    9.749079] cloud-init[657]: |         o + .   |
         Starting Permit User Sessions...
         Starting Virtualbox guest utils...
[    9.791286] cloud-init[657]: |        ..+      |
         Starting System Logging Service...
[    9.804617] [[0;32m  OK  [0m] Started D-Bus System Message Bus.
cloud-init[657]: +----[SHA256]-----+
[    9.809310] cloud-init[657]: Generating public/private dsa key pair.
[    9.811061] cloud-init[657]: Your identification has been saved in /etc/ssh/ssh_host_dsa_key.
[    9.812503] cloud-init[657]: Your public key has been saved in /etc/ssh/ssh_host_dsa_key.pub.
[    9.813450] cloud-init[657]: The key fingerprint is:
[    9.814404] cloud-init[657]: SHA256:tWnh2vfbn1DE6UPMo5eSmY/N1r0/eB8tVaHmNXrknl8 root@ubuntu-bionic
[    9.824142] cloud-init[657]: The key's randomart image is:
[    9.836170] cloud-init[657]: +---[DSA 1024]----+
[    9.836743] cloud-init[657]: |               . |
[    9.837699] cloud-init[657]: |              = o|
[    9.839079] cloud-init[657]: |          o  o %.|
[    9.840298] cloud-init[657]: |         o +o & =|
         Starting LSB: automatic crash report generation...
         Starting Pollinate to seed the pseudo random number generator...
[    9.850247] cloud-init[657]:          Starting Login Service...
|        S =  O O.|
         Starting Dispatcher daemon for systemd-networkd...
         Starting LXD - container startup/shutdown...
[[0;32m  OK  [0m] Started Deferred execution scheduler.
[    9.876541] cloud-init[657]: |         +    @.*|
[    9.896352] cloud-init[657]: |        . . .ooOE|
[    9.896924] cloud-init[657]: |           . oo=*|
[    9.908477] cloud-init[657]: |              ++@|
[    9.910190] cloud-init[657]: +----[SHA256]-----+
[    9.912695] cloud-init[657]: Generating public/private ecdsa key pair.
[    9.914720] cloud-init[657]: Your identification has been saved in /etc/ssh/ssh_host_ecdsa_key.
[    9.925430] cloud-init[657]: Your public key has been saved in /etc/ssh/ssh_host_ecdsa_key.pub.
[    9.929782] cloud-init[657]: The key fingerprint is:
[    9.934518] cloud-init[657]: SHA256:XmwIke+CUWw96JZUhzTLfIOl66+jfZJxkSax5ytJ1VY root@ubuntu-bionic
[    9.944106] cloud-init[657]: The key's randomart image is:
[    9.956170] cloud-init[657]: +---[ECDSA 256]---+
[    9.956859] cloud-init[657]: |     ..*+.o      |
[    9.957740] cloud-init[657]: |      B+=B    E  |
[    9.958593] cloud-init[657]: |     =.o*+oo .   |
[    9.960075] cloud-init[657]: |    . +.+=*.o    |
[    9.961748] [[0;32m  OK  [0m] Started Regular background program processing daemon.
         Starting LSB: Record successful boot for GRUB...
cloud-init[657]: |     + .S*+o     |
         Starting Accounts Service...
[    9.975262] cloud-init[657]: |    . .o+oo      |
[    9.976189] cloud-init[657]: |       oo= .     |
[    9.977097] cloud-init[657]: |       .*.o      |
[    9.978000] cloud-init[657]: |      ..o*.      |
[    9.978789] cloud-init[657]: +----[SHA256]-----+
[    9.981151] cloud-init[657]: Generating public/private ed25519 key pair.
[    9.985136] cloud-init[657]: Your identification has been saved in /etc/ssh/ssh_host_ed25519_key.
[   10.001728] cloud-init[657]: Your public key has been saved in /etc/ssh/ssh_host_ed25519_key.pub.
[   10.002955] cloud-init[657]: The key fingerprint is:
[   10.003532] cloud-init[657]: SHA256:xF8LxJ2wPoHukpwmwp5tGCpuERlny+qIwe/B2aZIxII root@ubuntu-bionic
[   10.006172] cloud-init[657]: The key's randomart image is:
[   10.007392] cloud-init[657]: +--[ED25519 256]--+
[   10.008090] cloud-init[657]: |         .oo .   |
[   10.008930] cloud-init[657]: | . o   . o..o    |
[   10.011184] cloud-init[657]: |  * .   + + .    |
         Starting Snap Daemon...
[[0;32m  OK  [0m] Started FUSE filesystem for LXC.
[   10.028352] cloud-init[657]: |oo o   o o + .   |
[   10.060727] cloud-init[657]: |Eoo     S + .    |
[   10.072774] cloud-init[657]: |+=o o. +   .     |
[   10.073384] cloud-init[657]: |++=*.o* .        |
[   10.084531] cloud-init[657]: |*+o==o .         |
[   10.086167] cloud-init[657]: |+o++.            |
[   10.099891] [[0;32m  OK  [0m] Started irqbalance daemon.
[[0;32m  OK  [0m] Started System Logging Service.
[[0;32m  OK  [0m] Started Permit User Sessions.
[[0;32m  OK  [0m] Started LXD - container startup/shutdown.
cloud-init[657]: +----[SHA256]-----+
[[0;32m  OK  [0m] Started Login Service.
         Starting Authorization Manager...
[[0;32m  OK  [0m] Started Unattended Upgrades Shutdown.
         Starting Hold until boot process finishes up...
         Starting Terminate Plymouth Boot Screen...
[[0;32m  OK  [0m] Started Hold until boot process finishes up.
         Starting Set console scheme...
[[0;32m  OK  [0m] Started Serial Getty on ttyS0.
[[0;32m  OK  [0m] Started Terminate Plymouth Boot Screen.
[[0;32m  OK  [0m] Started Authorization Manager.
[[0;32m  OK  [0m] Started Accounts Service.
[[0;32m  OK  [0m] Started Set console scheme.
[[0;32m  OK  [0m] Created slice system-getty.slice.
[[0;32m  OK  [0m] Started Getty on tty1.
[[0;32m  OK  [0m] Reached target Login Prompts.
[[0;32m  OK  [0m] Started LSB: automatic crash report generation.
[[0;32m  OK  [0m] Started Virtualbox guest utils.
[[0;32m  OK  [0m] Started LSB: Record successful boot for GRUB.
[[0;32m  OK  [0m] Started Dispatcher daemon for systemd-networkd.
[[0;32m  OK  [0m] Started Snap Daemon.
         Starting Wait until snapd is fully seeded...

Ubuntu 18.04.5 LTS ubuntu-bionic ttyS0

ubuntu-bionic login: [   16.932912] cloud-init[1037]: Cloud-init v. 21.1-19-gbad84ad4-0ubuntu1~18.04.2 running 'modules:config' at Fri, 16 Jul 2021 05:47:10 +0000. Up 16.59 seconds.
ci-info: no authorized SSH keys fingerprints found for user ubuntu.
<14>Jul 16 05:47:11 ec2: 
<14>Jul 16 05:47:11 ec2: #############################################################
<14>Jul 16 05:47:11 ec2: -----BEGIN SSH HOST KEY FINGERPRINTS-----
<14>Jul 16 05:47:11 ec2: 1024 SHA256:tWnh2vfbn1DE6UPMo5eSmY/N1r0/eB8tVaHmNXrknl8 root@ubuntu-bionic (DSA)
<14>Jul 16 05:47:11 ec2: 256 SHA256:XmwIke+CUWw96JZUhzTLfIOl66+jfZJxkSax5ytJ1VY root@ubuntu-bionic (ECDSA)
<14>Jul 16 05:47:11 ec2: 256 SHA256:xF8LxJ2wPoHukpwmwp5tGCpuERlny+qIwe/B2aZIxII root@ubuntu-bionic (ED25519)
<14>Jul 16 05:47:11 ec2: 2048 SHA256:T7lbo44VnQOBoWd9RMoBWSSUvRaOodh5W51WXIkwz38 root@ubuntu-bionic (RSA)
<14>Jul 16 05:47:11 ec2: -----END SSH HOST KEY FINGERPRINTS-----
<14>Jul 16 05:47:11 ec2: #############################################################
-----BEGIN SSH HOST KEY KEYS-----
ecdsa-sha2-nistp256 AAAAE2VjZHNhLXNoYTItbmlzdHAyNTYAAAAIbmlzdHAyNTYAAABBBCAkMd9V6pBvY9LKhsg2mIKtksQx30mlfJJaXgeHAeS+I9ltI1v/WQlWCkkE9klKH05gWy2/rBw+iHA6isuUL6A= root@ubuntu-bionic
ssh-ed25519 AAAAC3NzaC1lZDI1NTE5AAAAILRiRPzKeEtTlxTnq5DNkv24jtJbMzUhzWdor9UDsZUS root@ubuntu-bionic
ssh-rsa AAAAB3NzaC1yc2EAAAADAQABAAABAQCfexpJUsDDEgZLsfLpBJw9+Wtu1+DBXoECxJjB4zI2AsiOz2Q/+LbYGo4JS0uqJABTLjb4xs3o9TG5vRZzmNnqIZ17Zk+0k/7KXIIAFVdhuDgy6U7pnjyl8pknQUo6HjDsG58rsI3m0opJ16RTqulRRUH6IMd/nhkC3Iyo5pNpdstOzTtU7gK5+Lz4BcVMCa8v2qYBzWfgTDJUGmH23i7k3sySrrhb4EEj5LCz78kpB9SDmArKTNAB7UePEbGBXSnPvj2Sfn6uz7UWho7a9gK2A404Y+o2h3OhNlW/be8ksjlzj0iRsFF0LK+3pLSry2uvb3dKWlgHZVtXozxD8hNV root@ubuntu-bionic
-----END SSH HOST KEY KEYS-----
[   17.878625] cloud-init[1111]: Cloud-init v. 21.1-19-gbad84ad4-0ubuntu1~18.04.2 running 'modules:final' at Fri, 16 Jul 2021 05:47:11 +0000. Up 17.65 seconds.
[   17.884435] cloud-init[1111]: ci-info: no authorized SSH keys fingerprints found for user ubuntu.
[   17.891324] cloud-init[1111]: Cloud-init v. 21.1-19-gbad84ad4-0ubuntu1~18.04.2 finished at Fri, 16 Jul 2021 05:47:11 +0000. Datasource DataSourceNoCloud [seed=/dev/sdb][dsmode=net].  Up 17.87 seconds
